<?xml version="1.0" encoding="UTF-8"?>
<testsuite xmlns:xsi="http://www.w3.org/2001/XMLSchema-instance" xsi:noNamespaceSchemaLocation="https://maven.apache.org/surefire/maven-surefire-plugin/xsd/surefire-test-report-3.0.xsd" version="3.0" name="bajji.OrderTest" time="9.716" tests="1" errors="0" skipped="0" failures="0">
  <properties>
[...]
</properties>
  <testcase name="testOrderOk" classname="bajji.OrderTest" time="9.455">
    <system-out><![CDATA[2020-11-09 14:00:18,441 [main           ] INFO  AvailablePortFinder            - getNextAvailable(10000) -> 10000
2020-11-09 14:00:18,519 [main           ] INFO  CamelBlueprintHelper           - Using Blueprint XML file: /D:/NEW-PROJECTS/bajji/vankaya/target/test-classes/camel-route-test.xml
2020-11-09 14:00:18,642 [Thread-2       ] INFO  RawBuilder                     - Copy thread finished.
2020-11-09 14:00:18,876 [main           ] INFO  Activator                      - Camel activator starting
2020-11-09 14:00:18,891 [main           ] INFO  Activator                      - Camel activator started
Unable to start bundle: 26
2020-11-09 14:00:19,294 [main           ] INFO  CXFActivator                   - Adding the extensions from bundle org.apache.camel.camel-cxf-transport (5) [org.apache.camel.component.cxf.transport.CamelTransportFactory]
2020-11-09 14:00:19,294 [main           ] INFO  CXFActivator                   - Adding the extensions from bundle org.apache.cxf.cxf-rt-bindings-xml (8) [org.apache.cxf.binding.xml.XMLBindingFactory, org.apache.cxf.binding.xml.wsdl11.XMLWSDLExtensionLoader]
2020-11-09 14:00:19,294 [main           ] INFO  CXFActivator                   - Adding the extensions from bundle org.apache.cxf.cxf-rt-frontend-jaxws (9) [org.apache.cxf.jaxws.context.WebServiceContextResourceResolver]
2020-11-09 14:00:19,294 [main           ] INFO  CXFActivator                   - Adding the extensions from bundle org.apache.cxf.cxf-rt-ws-addr (11) [org.apache.cxf.ws.addressing.policy.AddressingAssertionBuilder, org.apache.cxf.ws.addressing.policy.UsingAddressingAssertionBuilder, org.apache.cxf.ws.addressing.policy.AddressingPolicyInterceptorProvider, org.apache.cxf.ws.addressing.impl.AddressingWSDLExtensionLoader, org.apache.cxf.ws.addressing.WSAddressingFeature$WSAddressingFeatureApplier, org.apache.cxf.ws.addressing.MAPAggregator$MAPAggregatorLoader]
2020-11-09 14:00:19,294 [main           ] INFO  CXFActivator                   - Adding the extensions from bundle org.apache.cxf.cxf-rt-ws-policy (12) [org.apache.cxf.ws.policy.PolicyEngine, org.apache.cxf.policy.PolicyDataEngine, org.apache.cxf.ws.policy.AssertionBuilderRegistry, org.apache.cxf.ws.policy.PolicyInterceptorProviderRegistry, org.apache.cxf.ws.policy.PolicyBuilder, org.apache.cxf.ws.policy.PolicyAnnotationListener, org.apache.cxf.ws.policy.attachment.ServiceModelPolicyProvider, org.apache.cxf.ws.policy.attachment.external.DomainExpressionBuilderRegistry, org.apache.cxf.ws.policy.attachment.external.EndpointReferenceDomainExpressionBuilder, org.apache.cxf.ws.policy.attachment.wsdl11.Wsdl11AttachmentPolicyProvider, org.apache.cxf.ws.policy.mtom.MTOMAssertionBuilder, org.apache.cxf.ws.policy.mtom.MTOMPolicyInterceptorProvider]
2020-11-09 14:00:19,294 [main           ] INFO  CXFActivator                   - Adding the extensions from bundle org.apache.cxf.cxf-rt-bindings-soap (16) [org.apache.cxf.binding.soap.SoapBindingFactory, org.apache.cxf.binding.soap.SoapTransportFactory]
2020-11-09 14:00:19,294 [main           ] INFO  CXFActivator                   - Adding the extensions from bundle org.apache.cxf.cxf-rt-transports-http-jetty (21) [org.apache.cxf.transport.http_jetty.JettyDestinationFactory, org.apache.cxf.transport.http_jetty.JettyHTTPServerEngineFactory, org.apache.cxf.transport.http.ContinuationProviderFactory]
2020-11-09 14:00:19,294 [main           ] INFO  CXFActivator                   - Adding the extensions from bundle org.apache.cxf.cxf-rt-transports-http (27) [org.apache.cxf.transport.http.HTTPTransportFactory, org.apache.cxf.transport.http.HTTPWSDLExtensionLoader, org.apache.cxf.transport.http.policy.HTTPClientAssertionBuilder, org.apache.cxf.transport.http.policy.HTTPServerAssertionBuilder, org.apache.cxf.transport.http.policy.NoOpPolicyInterceptorProvider]
2020-11-09 14:00:19,372 [main           ] INFO  BlueprintExtender              - No quiesce support is available, so blueprint components will not participate in quiesce operations
2020-11-09 14:00:19,831 [int Extender: 1] INFO  BlueprintContainerImpl         - Bundle org.apache.cxf.cxf-rt-transports-http is waiting for namespace handlers [http://aries.apache.org/blueprint/xmlns/blueprint-cm/v1.0.0]
2020-11-09 14:00:20,034 [main           ] INFO  OrderTest                      - ********************************************************************************
2020-11-09 14:00:20,034 [main           ] INFO  OrderTest                      - Testing: testOrderOk(bajji.OrderTest)
2020-11-09 14:00:20,034 [main           ] INFO  OrderTest                      - ********************************************************************************
2020-11-09 14:00:22,117 [main           ] INFO  OrderTest                      - Skipping starting CamelContext as system property skipStartingCamelContext is set to be true.
2020-11-09 14:00:22,117 [main           ] INFO  BlueprintCamelContext          - Apache Camel 2.13.1 (CamelContext: camel-1) is starting
2020-11-09 14:00:22,117 [main           ] INFO  DefaultManagementStrategy      - JMX is disabled
2020-11-09 14:00:22,195 [main           ] INFO  SedaEndpoint                   - Endpoint Endpoint[seda://incomingOrders] is using shared queue: seda://incomingOrders with size: 2147483647
2020-11-09 14:00:22,258 [main           ] INFO  BlueprintCamelContext          - AllowUseOriginalMessage is enabled. If access to the original message is not needed, then its recommended to turn this option off as it may improve performance.
2020-11-09 14:00:22,258 [main           ] INFO  BlueprintCamelContext          - StreamCaching is not in use. If using streams then its recommended to enable stream caching. See more details at http://camel.apache.org/stream-caching.html
2020-11-09 14:00:22,336 [main           ] INFO  ReflectionServiceFactoryBean   - Creating Service {http://bajji/}OrderEndpointService from class bajji.OrderEndpoint
2020-11-09 14:00:23,031 [main           ] INFO  ServerImpl                     - Setting the server's publish address to be http://localhost:10000/cxf/order/
2020-11-09 14:00:23,078 [main           ] INFO  Server                         - jetty-8.1.9.v20130131
2020-11-09 14:00:24,185 [main           ] INFO  AbstractConnector              - Started SelectChannelConnector@localhost:10000
2020-11-09 14:00:24,215 [main           ] INFO  BlueprintCamelContext          - Route: route1 started and consuming from: Endpoint[cxf://bean:orderEndpoint]
2020-11-09 14:00:24,231 [main           ] INFO  BlueprintCamelContext          - Route: route2 started and consuming from: Endpoint[seda://incomingOrders]
2020-11-09 14:00:24,231 [main           ] INFO  BlueprintCamelContext          - Total 2 routes, of which 2 is started.
2020-11-09 14:00:24,231 [main           ] INFO  BlueprintCamelContext          - Apache Camel 2.13.1 (CamelContext: camel-1) started in 2.114 seconds
2020-11-09 14:00:24,231 [main           ] INFO  ReflectionServiceFactoryBean   - Creating Service {http://bajji/}OrderEndpointService from class bajji.OrderEndpoint
2020-11-09 14:00:25,307 [main           ] INFO  OrderTest                      - ********************************************************************************
2020-11-09 14:00:25,307 [main           ] INFO  OrderTest                      - Testing done: testOrderOk(bajji.OrderTest)
2020-11-09 14:00:25,307 [main           ] INFO  OrderTest                      - Took: 3.190 seconds (3190 millis)
2020-11-09 14:00:25,307 [main           ] INFO  OrderTest                      - ********************************************************************************
2020-11-09 14:00:25,307 [main           ] INFO  BlueprintCamelContext          - Apache Camel 2.13.1 (CamelContext: camel-1) is shutting down
2020-11-09 14:00:25,307 [main           ] INFO  DefaultShutdownStrategy        - Starting to graceful shutdown 2 routes (timeout 10 seconds)
2020-11-09 14:00:26,248 [ - ShutdownTask] INFO  DefaultShutdownStrategy        - Route: route2 shutdown complete, was consuming from: Endpoint[seda://incomingOrders]
2020-11-09 14:00:26,248 [ - ShutdownTask] INFO  ContextHandler                 - stopped o.e.j.s.h.ContextHandler{/cxf/order,null}
2020-11-09 14:00:26,248 [ - ShutdownTask] INFO  DefaultShutdownStrategy        - Route: route1 shutdown complete, was consuming from: Endpoint[cxf://bean:orderEndpoint]
2020-11-09 14:00:26,248 [main           ] INFO  DefaultShutdownStrategy        - Graceful shutdown of 2 routes completed in 0 seconds
2020-11-09 14:00:26,248 [main           ] INFO  BlueprintCamelContext          - Apache Camel 2.13.1 (CamelContext: camel-1) uptime 4.131 seconds
2020-11-09 14:00:26,248 [main           ] INFO  BlueprintCamelContext          - Apache Camel 2.13.1 (CamelContext: camel-1) is shutdown in 0.941 seconds
2020-11-09 14:00:26,248 [main           ] INFO  BlueprintExtender              - Destroying BlueprintContainer for bundle OrderTest
2020-11-09 14:00:26,352 [main           ] INFO  BlueprintExtender              - Destroying BlueprintContainer for bundle org.apache.cxf.cxf-rt-transports-http
2020-11-09 14:00:26,352 [main           ] INFO  BlueprintExtender              - Destroying BlueprintContainer for bundle org.apache.aries.blueprint
2020-11-09 14:00:26,352 [main           ] INFO  BlueprintExtender              - Destroying BlueprintContainer for bundle org.apache.camel.camel-blueprint
2020-11-09 14:00:26,352 [main           ] INFO  BlueprintExtender              - Destroying BlueprintContainer for bundle org.apache.cxf.cxf-rt-core
2020-11-09 14:00:26,352 [main           ] INFO  BlueprintExtender              - Destroying BlueprintContainer for bundle org.apache.cxf.cxf-api
2020-11-09 14:00:26,352 [main           ] INFO  BlueprintExtender              - Destroying BlueprintContainer for bundle org.apache.cxf.cxf-rt-ws-policy
2020-11-09 14:00:26,368 [main           ] INFO  BlueprintExtender              - Destroying BlueprintContainer for bundle org.apache.cxf.cxf-rt-transports-http-jetty
2020-11-09 14:00:26,368 [main           ] INFO  BlueprintExtender              - Destroying BlueprintContainer for bundle org.apache.cxf.cxf-rt-bindings-soap
2020-11-09 14:00:26,368 [main           ] INFO  BlueprintExtender              - Destroying BlueprintContainer for bundle org.apache.cxf.cxf-rt-features-clustering
2020-11-09 14:00:26,368 [main           ] INFO  BlueprintExtender              - Destroying BlueprintContainer for bundle org.apache.cxf.cxf-rt-frontend-jaxws
2020-11-09 14:00:26,368 [main           ] INFO  BlueprintExtender              - Destroying BlueprintContainer for bundle org.apache.cxf.cxf-rt-ws-addr
2020-11-09 14:00:26,368 [main           ] INFO  BlueprintExtender              - Destroying BlueprintContainer for bundle org.apache.cxf.cxf-rt-frontend-simple
2020-11-09 14:00:26,368 [main           ] INFO  BlueprintExtender              - Destroying BlueprintContainer for bundle org.apache.camel.camel-cxf
2020-11-09 14:00:26,368 [main           ] INFO  BlueprintExtender              - Destroying BlueprintContainer for bundle org.apache.camel.camel-cxf-transport
2020-11-09 14:00:26,368 [main           ] INFO  BlueprintExtender              - Destroying BlueprintContainer for bundle org.apache.cxf.cxf-rt-frontend-jaxrs
2020-11-09 14:00:26,368 [main           ] INFO  CXFActivator                   - Removing the extensions for bundle 5
2020-11-09 14:00:26,368 [main           ] INFO  CXFActivator                   - Removing the extensions for bundle 8
2020-11-09 14:00:26,368 [main           ] INFO  CXFActivator                   - Removing the extensions for bundle 9
2020-11-09 14:00:26,368 [main           ] INFO  CXFActivator                   - Removing the extensions for bundle 11
2020-11-09 14:00:26,368 [main           ] INFO  CXFActivator                   - Removing the extensions for bundle 12
2020-11-09 14:00:26,368 [main           ] INFO  CXFActivator                   - Removing the extensions for bundle 16
2020-11-09 14:00:26,368 [main           ] INFO  CXFActivator                   - Removing the extensions for bundle 21
2020-11-09 14:00:26,368 [main           ] INFO  CXFActivator                   - Removing the extensions for bundle 27
2020-11-09 14:00:26,368 [main           ] INFO  Activator                      - Camel activator stopping
2020-11-09 14:00:26,368 [main           ] INFO  Activator                      - Camel activator stopped
2020-11-09 14:00:26,368 [main           ] INFO  CamelBlueprintHelper           - Deleting work directory target/bundles/1604910618519
]]></system-out>
    <system-err><![CDATA[org.osgi.framework.BundleException: Unable to start bundle
	at de.kalpatec.pojosr.framework.PojoSRBundle.start(PojoSRBundle.java:144)
	at de.kalpatec.pojosr.framework.PojoSR.startBundles(PojoSR.java:406)
	at de.kalpatec.pojosr.framework.PojoSR.<init>(PojoSR.java:323)
	at de.kalpatec.pojosr.framework.PojoServiceRegistryFactoryImpl.newPojoServiceRegistry(PojoServiceRegistryFactoryImpl.java:51)
	at org.apache.camel.test.blueprint.CamelBlueprintHelper.createBundleContext(CamelBlueprintHelper.java:137)
	at org.apache.camel.test.blueprint.CamelBlueprintHelper.createBundleContext(CamelBlueprintHelper.java:102)
	at org.apache.camel.test.blueprint.CamelBlueprintTestSupport.createBundleContext(CamelBlueprintTestSupport.java:66)
	at org.apache.camel.test.blueprint.CamelBlueprintTestSupport.setUp(CamelBlueprintTestSupport.java:130)
	at bajji.OrderTest.setUp(OrderTest.java:33)
	at sun.reflect.NativeMethodAccessorImpl.invoke0(Native Method)
	at sun.reflect.NativeMethodAccessorImpl.invoke(NativeMethodAccessorImpl.java:62)
	at sun.reflect.DelegatingMethodAccessorImpl.invoke(DelegatingMethodAccessorImpl.java:43)
	at java.lang.reflect.Method.invoke(Method.java:498)
	at org.junit.runners.model.FrameworkMethod$1.runReflectiveCall(FrameworkMethod.java:47)
	at org.junit.internal.runners.model.ReflectiveCallable.run(ReflectiveCallable.java:12)
	at org.junit.runners.model.FrameworkMethod.invokeExplosively(FrameworkMethod.java:44)
	at org.junit.internal.runners.statements.RunBefores.evaluate(RunBefores.java:24)
	at org.junit.internal.runners.statements.RunAfters.evaluate(RunAfters.java:27)
	at org.junit.rules.TestWatcher$1.evaluate(TestWatcher.java:55)
	at org.junit.rules.RunRules.evaluate(RunRules.java:20)
	at org.junit.runners.ParentRunner.runLeaf(ParentRunner.java:271)
	at org.junit.runners.BlockJUnit4ClassRunner.runChild(BlockJUnit4ClassRunner.java:70)
	at org.junit.runners.BlockJUnit4ClassRunner.runChild(BlockJUnit4ClassRunner.java:50)
	at org.junit.runners.ParentRunner$3.run(ParentRunner.java:238)
	at org.junit.runners.ParentRunner$1.schedule(ParentRunner.java:63)
	at org.junit.runners.ParentRunner.runChildren(ParentRunner.java:236)
	at org.junit.runners.ParentRunner.access$000(ParentRunner.java:53)
	at org.junit.runners.ParentRunner$2.evaluate(ParentRunner.java:229)
	at org.junit.internal.runners.statements.RunBefores.evaluate(RunBefores.java:26)
	at org.junit.internal.runners.statements.RunAfters.evaluate(RunAfters.java:27)
	at org.junit.runners.ParentRunner.run(ParentRunner.java:309)
	at org.apache.maven.surefire.junit4.JUnit4Provider.execute(JUnit4Provider.java:364)
	at org.apache.maven.surefire.junit4.JUnit4Provider.executeWithRerun(JUnit4Provider.java:272)
	at org.apache.maven.surefire.junit4.JUnit4Provider.executeTestSet(JUnit4Provider.java:237)
	at org.apache.maven.surefire.junit4.JUnit4Provider.invoke(JUnit4Provider.java:158)
	at org.apache.maven.surefire.booter.ForkedBooter.runSuitesInProcess(ForkedBooter.java:428)
	at org.apache.maven.surefire.booter.ForkedBooter.execute(ForkedBooter.java:162)
	at org.apache.maven.surefire.booter.ForkedBooter.run(ForkedBooter.java:562)
	at org.apache.maven.surefire.booter.ForkedBooter.main(ForkedBooter.java:548)
Caused by: java.lang.NoClassDefFoundError: org/osgi/service/log/LogService
	at org.apache.geronimo.mail.Activator.start(Activator.java:52)
	at de.kalpatec.pojosr.framework.PojoSRBundle.start(PojoSRBundle.java:132)
	... 38 more
Caused by: java.lang.ClassNotFoundException: org.osgi.service.log.LogService
	at java.net.URLClassLoader.findClass(URLClassLoader.java:382)
	at java.lang.ClassLoader.loadClass(ClassLoader.java:418)
	at sun.misc.Launcher$AppClassLoader.loadClass(Launcher.java:355)
	at java.lang.ClassLoader.loadClass(ClassLoader.java:351)
	... 40 more
]]></system-err>
  </testcase>
</testsuite>